<?xml version="1.0" encoding="UTF-8"?>
<!-- Generated by org.testng.reporters.JUnitReportReporter -->
<testsuite skipped="0" hostname="LAPTOP-PTI6DNB4" name="com.zappy.androidapp.scripts.TC_002_HomepageSearchBtnVerify" tests="1" failures="0" timestamp="10 Dec 2019 09:20:57 GMT" time="23.008" errors="0">
  <testcase name="VoonikHomePageTest" time="23.008" classname="com.zappy.androidapp.scripts.TC_002_HomepageSearchBtnVerify"/>
</testsuite> <!-- com.zappy.androidapp.scripts.TC_002_HomepageSearchBtnVerify -->
