<?xml version="1.0" encoding="UTF-8"?>
<!-- Generated by org.testng.reporters.JUnitReportReporter -->
<testsuite skipped="0" hostname="LAPTOP-PTI6DNB4" name="com.zappy.androidapp.scripts.ZappyHomePage" tests="1" failures="0" timestamp="09 Dec 2019 11:17:08 GMT" time="15.913" errors="0">
  <testcase name="VoonikHomePageTest" time="15.913" classname="com.zappy.androidapp.scripts.ZappyHomePage"/>
</testsuite> <!-- com.zappy.androidapp.scripts.ZappyHomePage -->
