<?xml version="1.0" encoding="UTF-8"?>
<!-- Generated by org.testng.reporters.JUnitReportReporter -->
<testsuite skipped="0" hostname="LAPTOP-PTI6DNB4" name="com.zappy.androidapp.scripts.ApiDemosTest" tests="1" failures="0" timestamp="07 Dec 2019 17:14:18 GMT" time="13.720" errors="0">
  <testcase name="systemTest" time="13.720" classname="com.zappy.androidapp.scripts.ApiDemosTest"/>
</testsuite> <!-- com.zappy.androidapp.scripts.ApiDemosTest -->
