<?xml version="1.0" encoding="UTF-8"?>
<!-- Generated by org.testng.reporters.JUnitReportReporter -->
<testsuite skipped="0" hostname="LAPTOP-PTI6DNB4" name="com.zappy.androidapp.scripts.TC_001_HomePageVerify" tests="1" failures="0" timestamp="10 Dec 2019 08:49:57 GMT" time="15.634" errors="0">
  <testcase name="homePageSearchBoxTest" time="15.634" classname="com.zappy.androidapp.scripts.TC_001_HomePageVerify"/>
</testsuite> <!-- com.zappy.androidapp.scripts.TC_001_HomePageVerify -->
